Unity Editor version:    2021.3.9f1 (ad3870b89536)
Branch:                  2021.3/staging
Build type:              Release
Batch mode:              YES
macOS version:           Version 13.0.1 (Build 22A400)
Darwin version:          22.1.0
Architecture:            x86_64
Running under Rosetta:   NO
Available memory:        16384 MB
Using pre-set license
Pro License: YES

COMMAND LINE ARGUMENTS:
/Users/johnwu/Data/UnityEditors/2021.3.9f1/Unity.app/Contents/MacOS/Unity
-adb2
-batchMode
-noUpm
-name
AssetImportWorker2
-projectPath
/Users/johnwu/Data/Projects/JustAnotherAdventure
-logFile
Logs/AssetImportWorker2.log
-srvPort
50216
Successfully changed project path to: /Users/johnwu/Data/Projects/JustAnotherAdventure
/Users/johnwu/Data/Projects/JustAnotherAdventure
[UnityMemory] Configuration Parameters - Can be set up in boot.config
    "memorysetup-bucket-allocator-granularity=16"
    "memorysetup-bucket-allocator-bucket-count=8"
    "memorysetup-bucket-allocator-block-size=33554432"
    "memorysetup-bucket-allocator-block-count=8"
    "memorysetup-main-allocator-block-size=16777216"
    "memorysetup-thread-allocator-block-size=16777216"
    "memorysetup-gfx-main-allocator-block-size=16777216"
    "memorysetup-gfx-thread-allocator-block-size=16777216"
    "memorysetup-cache-allocator-block-size=4194304"
    "memorysetup-typetree-allocator-block-size=2097152"
    "memorysetup-profiler-bucket-allocator-granularity=16"
    "memorysetup-profiler-bucket-allocator-bucket-count=8"
    "memorysetup-profiler-bucket-allocator-block-size=33554432"
    "memorysetup-profiler-bucket-allocator-block-count=8"
    "memorysetup-profiler-allocator-block-size=16777216"
    "memorysetup-profiler-editor-allocator-block-size=1048576"
    "memorysetup-temp-allocator-size-main=16777216"
    "memorysetup-job-temp-allocator-block-size=2097152"
    "memorysetup-job-temp-allocator-block-size-background=1048576"
    "memorysetup-job-temp-allocator-reduction-small-platforms=262144"
    "memorysetup-temp-allocator-size-background-worker=32768"
    "memorysetup-temp-allocator-size-job-worker=262144"
    "memorysetup-temp-allocator-size-preload-manager=33554432"
    "memorysetup-temp-allocator-size-nav-mesh-worker=65536"
    "memorysetup-temp-allocator-size-audio-worker=65536"
    "memorysetup-temp-allocator-size-cloud-worker=32768"
    "memorysetup-temp-allocator-size-gi-baking-worker=262144"
    "memorysetup-temp-allocator-size-gfx=262144"
Refreshing native plugins compatible for Editor in 38.74 ms, found 1 plugins.
Preloading 0 native plugins for Editor in 0.00 ms.
Initialize engine version: 2021.3.9f1 (ad3870b89536)
[Subsystems] Discovering subsystems at path /Users/johnwu/Data/UnityEditors/2021.3.9f1/Unity.app/Contents/Resources/UnitySubsystems
[Subsystems] Discovering subsystems at path /Users/johnwu/Data/Projects/JustAnotherAdventure/Assets
GfxDevice: creating device client; threaded=0; jobified=0
Color LCD preferred device: AMD Radeon Pro 5300M (high power)
Metal devices available: 2
0: AMD Radeon Pro 5300M (high power)
1: Intel(R) UHD Graphics 630 (low power)
Using device AMD Radeon Pro 5300M (high power)
Initializing Metal device caps: AMD Radeon Pro 5300M
Initialize mono
Mono path[0] = '/Users/johnwu/Data/UnityEditors/2021.3.9f1/Unity.app/Contents/Managed'
Mono path[1] = '/Users/johnwu/Data/UnityEditors/2021.3.9f1/Unity.app/Contents/MonoBleedingEdge/lib/mono/unityjit-macos'
Mono config path = '/Users/johnwu/Data/UnityEditors/2021.3.9f1/Unity.app/Contents/MonoBleedingEdge/etc'
Using monoOptions --debugger-agent=transport=dt_socket,embedding=1,server=y,suspend=n,address=127.0.0.1:56756
Begin MonoManager ReloadAssembly
Registering precompiled unity dll's ...
Register platform support module: /Users/johnwu/Data/UnityEditors/2021.3.9f1/Unity.app/Contents/PlaybackEngines/MacStandaloneSupport/UnityEditor.OSXStandalone.Extensions.dll
Register platform support module: /Users/johnwu/Data/UnityEditors/2021.3.9f1/PlaybackEngines/AndroidPlayer/UnityEditor.Android.Extensions.dll
Registered in 0.005003 seconds.
Native extension for Android target not found
Native extension for OSXStandalone target not found
Refreshing native plugins compatible for Editor in 36.69 ms, found 1 plugins.
Preloading 0 native plugins for Editor in 0.00 ms.
Mono: successfully reloaded assembly
- Completed reload, in  0.768 seconds
Domain Reload Profiling:
	ReloadAssembly (768ms)
		BeginReloadAssembly (122ms)
			ExecutionOrderSort (0ms)
			DisableScriptedObjects (0ms)
			BackupInstance (0ms)
			ReleaseScriptingObjects (0ms)
			CreateAndSetChildDomain (1ms)
		EndReloadAssembly (511ms)
			LoadAssemblies (123ms)
			RebuildTransferFunctionScriptingTraits (0ms)
			SetupTypeCache (150ms)
			ReleaseScriptCaches (0ms)
			RebuildScriptCaches (39ms)
			SetupLoadedEditorAssemblies (263ms)
				LogAssemblyErrors (0ms)
				InitializePlatformSupportModulesInManaged (63ms)
				SetLoadedEditorAssemblies (0ms)
				RefreshPlugins (37ms)
				BeforeProcessingInitializeOnLoad (1ms)
				ProcessInitializeOnLoadAttributes (108ms)
				ProcessInitializeOnLoadMethodAttributes (53ms)
				AfterProcessingInitializeOnLoad (0ms)
				EditorAssembliesLoaded (0ms)
			ExecutionOrderSort2 (0ms)
			AwakeInstancesAfterBackupRestoration (0ms)
Platform modules already initialized, skipping
Registering precompiled user dll's ...
Registered in 0.000854 seconds.
Begin MonoManager ReloadAssembly
Native extension for Android target not found
Native extension for OSXStandalone target not found
Refreshing native plugins compatible for Editor in 0.33 ms, found 1 plugins.
Preloading 0 native plugins for Editor in 0.00 ms.
Mono: successfully reloaded assembly
- Completed reload, in  0.948 seconds
Domain Reload Profiling:
	ReloadAssembly (949ms)
		BeginReloadAssembly (214ms)
			ExecutionOrderSort (0ms)
			DisableScriptedObjects (6ms)
			BackupInstance (0ms)
			ReleaseScriptingObjects (0ms)
			CreateAndSetChildDomain (126ms)
		EndReloadAssembly (606ms)
			LoadAssemblies (79ms)
			RebuildTransferFunctionScriptingTraits (0ms)
			SetupTypeCache (200ms)
			ReleaseScriptCaches (1ms)
			RebuildScriptCaches (62ms)
			SetupLoadedEditorAssemblies (218ms)
				LogAssemblyErrors (0ms)
				InitializePlatformSupportModulesInManaged (12ms)
				SetLoadedEditorAssemblies (0ms)
				RefreshPlugins (0ms)
				BeforeProcessingInitializeOnLoad (41ms)
				ProcessInitializeOnLoadAttributes (132ms)
				ProcessInitializeOnLoadMethodAttributes (29ms)
				AfterProcessingInitializeOnLoad (2ms)
				EditorAssembliesLoaded (0ms)
			ExecutionOrderSort2 (0ms)
			AwakeInstancesAfterBackupRestoration (3ms)
Platform modules already initialized, skipping
========================================================================
Worker process is ready to serve import requests
Launching external process: /Users/johnwu/Data/UnityEditors/2021.3.9f1/Unity.app/Contents/Tools/UnityShaderCompiler
Launched and connected shader compiler UnityShaderCompiler after 0.08 seconds
Refreshing native plugins compatible for Editor in 0.27 ms, found 1 plugins.
Preloading 0 native plugins for Editor in 0.00 ms.
Unloading 1270 Unused Serialized files (Serialized files now loaded: 0)
Unloading 15 unused Assets / (64.6 KB). Loaded Objects now: 1760.
Memory consumption went from Unknown to Unknown.
Total: 2.758859 ms (FindLiveObjects: 0.126275 ms CreateObjectMapping: 0.048736 ms MarkObjects: 2.462051 ms  DeleteObjects: 0.121138 ms)

AssetImportParameters requested are different than current active one (requested -> active):
  custom:video-decoder-ogg-theora: a1e56fd34408186e4bbccfd4996cb3dc -> 
  custom:container-muxer-webm: aa71ff27fc2769a1b78a27578f13a17b -> 
  custom:container-demuxer-webm: 4f35f7cbe854078d1ac9338744f61a02 -> 
  custom:video-encoder-webm-vp8: eb34c28f22e8b96e1ab97ce403110664 -> 
  custom:framework-osx-AVFoundation: e770b220cccbd017edd2c1fefb359320 -> 
  custom:audio-encoder-webm-vorbis: bf7c407c2cedff20999df2af8eb42d56 -> 
  custom:container-demuxer-ogg: 62fdf1f143b41e24485cea50d1cbac27 -> 
  custom:video-decoder-webm-vp8: 9c59270c3fd7afecdb556c50c9e8de78 -> 
  custom:audio-decoder-ogg-vorbis: bf7c407c2cedff20999df2af8eb42d56 -> 
========================================================================
Received Import Request.
  Time since last request: 20716.797056 seconds.
  path: Assets/Resources/Settings
  artifactKey: Guid(e0a90f3a87ab52d44baad41d38f477bc) Importer(815301076,1909f56bfc062723c751e8b465ee728b)
Start importing Assets/Resources/Settings using Guid(e0a90f3a87ab52d44baad41d38f477bc) Importer(815301076,1909f56bfc062723c751e8b465ee728b)  -> (artifact id: '29786ac59514b3f4c27f19c676708f4c') in 0.004523 seconds 
========================================================================
Received Import Request.
  Time since last request: 9.949527 seconds.
  path: Assets/Resources/Enemies/Prefabs/BaseEnemy.prefab
  artifactKey: Guid(274c4c35ed05ea14c87492064b3cadfd) Importer(815301076,1909f56bfc062723c751e8b465ee728b)
Start importing Assets/Resources/Enemies/Prefabs/BaseEnemy.prefab using Guid(274c4c35ed05ea14c87492064b3cadfd) Importer(815301076,1909f56bfc062723c751e8b465ee728b)  -> (artifact id: '88185a8214439089edf83437863de924') in 0.158359 seconds 
========================================================================
Received Prepare
Registering precompiled user dll's ...
Registered in 0.000240 seconds.
Begin MonoManager ReloadAssembly
Native extension for Android target not found
Native extension for OSXStandalone target not found
Refreshing native plugins compatible for Editor in 0.29 ms, found 1 plugins.
Preloading 0 native plugins for Editor in 0.00 ms.
Mono: successfully reloaded assembly
- Completed reload, in  0.692 seconds
Domain Reload Profiling:
	ReloadAssembly (693ms)
		BeginReloadAssembly (103ms)
			ExecutionOrderSort (0ms)
			DisableScriptedObjects (7ms)
			BackupInstance (0ms)
			ReleaseScriptingObjects (0ms)
			CreateAndSetChildDomain (21ms)
		EndReloadAssembly (497ms)
			LoadAssemblies (54ms)
			RebuildTransferFunctionScriptingTraits (0ms)
			SetupTypeCache (147ms)
			ReleaseScriptCaches (0ms)
			RebuildScriptCaches (42ms)
			SetupLoadedEditorAssemblies (210ms)
				LogAssemblyErrors (0ms)
				InitializePlatformSupportModulesInManaged (18ms)
				SetLoadedEditorAssemblies (0ms)
				RefreshPlugins (0ms)
				BeforeProcessingInitializeOnLoad (37ms)
				ProcessInitializeOnLoadAttributes (126ms)
				ProcessInitializeOnLoadMethodAttributes (26ms)
				AfterProcessingInitializeOnLoad (2ms)
				EditorAssembliesLoaded (0ms)
			ExecutionOrderSort2 (0ms)
			AwakeInstancesAfterBackupRestoration (4ms)
Platform modules already initialized, skipping
Refreshing native plugins compatible for Editor in 0.50 ms, found 1 plugins.
Preloading 0 native plugins for Editor in 0.00 ms.
Unloading 1245 Unused Serialized files (Serialized files now loaded: 0)
Unloading 3 unused Assets / (44.9 KB). Loaded Objects now: 1764.
Memory consumption went from 59.7 MB to 59.6 MB.
Total: 3.323351 ms (FindLiveObjects: 0.140539 ms CreateObjectMapping: 0.068125 ms MarkObjects: 3.043342 ms  DeleteObjects: 0.070439 ms)

AssetImportParameters requested are different than current active one (requested -> active):
  custom:video-decoder-ogg-theora: a1e56fd34408186e4bbccfd4996cb3dc -> 
  custom:container-muxer-webm: aa71ff27fc2769a1b78a27578f13a17b -> 
  custom:container-demuxer-webm: 4f35f7cbe854078d1ac9338744f61a02 -> 
  custom:video-encoder-webm-vp8: eb34c28f22e8b96e1ab97ce403110664 -> 
  custom:framework-osx-AVFoundation: e770b220cccbd017edd2c1fefb359320 -> 
  custom:audio-encoder-webm-vorbis: bf7c407c2cedff20999df2af8eb42d56 -> 
  custom:container-demuxer-ogg: 62fdf1f143b41e24485cea50d1cbac27 -> 
  custom:video-decoder-webm-vp8: 9c59270c3fd7afecdb556c50c9e8de78 -> 
  custom:audio-decoder-ogg-vorbis: bf7c407c2cedff20999df2af8eb42d56 -> 
========================================================================
Received Import Request.
  Time since last request: 330.283640 seconds.
  path: Assets/Resources/Loot/Loot.prefab
  artifactKey: Guid(d587ba2fd38b20449986c007d26d2b8a) Importer(815301076,1909f56bfc062723c751e8b465ee728b)
Start importing Assets/Resources/Loot/Loot.prefab using Guid(d587ba2fd38b20449986c007d26d2b8a) Importer(815301076,1909f56bfc062723c751e8b465ee728b)  -> (artifact id: 'cc863659d3f5cf99580102bd0c170e34') in 0.188848 seconds 
========================================================================
Received Import Request.
  Time since last request: 27.870759 seconds.
  path: Assets/Resources/StaticData/Monsters/Lich.asset
  artifactKey: Guid(adfa5ccf1b9364dfbb2d24a71cc009ba) Importer(815301076,1909f56bfc062723c751e8b465ee728b)
Start importing Assets/Resources/StaticData/Monsters/Lich.asset using Guid(adfa5ccf1b9364dfbb2d24a71cc009ba) Importer(815301076,1909f56bfc062723c751e8b465ee728b)  -> (artifact id: '96bf26e2a5d62a3aecee06dfcc0eee98') in 0.120017 seconds 
========================================================================
Received Prepare
Registering precompiled user dll's ...
Registered in 0.000259 seconds.
Begin MonoManager ReloadAssembly
Native extension for Android target not found
Native extension for OSXStandalone target not found
Refreshing native plugins compatible for Editor in 0.29 ms, found 1 plugins.
Preloading 0 native plugins for Editor in 0.00 ms.
Mono: successfully reloaded assembly
- Completed reload, in  0.722 seconds
Domain Reload Profiling:
	ReloadAssembly (723ms)
		BeginReloadAssembly (108ms)
			ExecutionOrderSort (0ms)
			DisableScriptedObjects (6ms)
			BackupInstance (0ms)
			ReleaseScriptingObjects (0ms)
			CreateAndSetChildDomain (24ms)
		EndReloadAssembly (514ms)
			LoadAssemblies (60ms)
			RebuildTransferFunctionScriptingTraits (0ms)
			SetupTypeCache (155ms)
			ReleaseScriptCaches (1ms)
			RebuildScriptCaches (46ms)
			SetupLoadedEditorAssemblies (210ms)
				LogAssemblyErrors (0ms)
				InitializePlatformSupportModulesInManaged (17ms)
				SetLoadedEditorAssemblies (1ms)
				RefreshPlugins (0ms)
				BeforeProcessingInitializeOnLoad (35ms)
				ProcessInitializeOnLoadAttributes (126ms)
				ProcessInitializeOnLoadMethodAttributes (29ms)
				AfterProcessingInitializeOnLoad (2ms)
				EditorAssembliesLoaded (0ms)
			ExecutionOrderSort2 (0ms)
			AwakeInstancesAfterBackupRestoration (4ms)
Platform modules already initialized, skipping
Refreshing native plugins compatible for Editor in 0.43 ms, found 1 plugins.
Preloading 0 native plugins for Editor in 0.00 ms.
Unloading 1245 Unused Serialized files (Serialized files now loaded: 0)
Unloading 3 unused Assets / (45.0 KB). Loaded Objects now: 1774.
Memory consumption went from 139.6 MB to 139.6 MB.
Total: 2.985809 ms (FindLiveObjects: 0.163453 ms CreateObjectMapping: 0.063037 ms MarkObjects: 2.695387 ms  DeleteObjects: 0.062642 ms)

AssetImportParameters requested are different than current active one (requested -> active):
  custom:video-decoder-ogg-theora: a1e56fd34408186e4bbccfd4996cb3dc -> 
  custom:container-muxer-webm: aa71ff27fc2769a1b78a27578f13a17b -> 
  custom:container-demuxer-webm: 4f35f7cbe854078d1ac9338744f61a02 -> 
  custom:video-encoder-webm-vp8: eb34c28f22e8b96e1ab97ce403110664 -> 
  custom:framework-osx-AVFoundation: e770b220cccbd017edd2c1fefb359320 -> 
  custom:audio-encoder-webm-vorbis: bf7c407c2cedff20999df2af8eb42d56 -> 
  custom:container-demuxer-ogg: 62fdf1f143b41e24485cea50d1cbac27 -> 
  custom:video-decoder-webm-vp8: 9c59270c3fd7afecdb556c50c9e8de78 -> 
  custom:audio-decoder-ogg-vorbis: bf7c407c2cedff20999df2af8eb42d56 -> 
========================================================================
Received Import Request.
  Time since last request: 64.425340 seconds.
  path: Assets/Resources/Loot/Loot.prefab
  artifactKey: Guid(d587ba2fd38b20449986c007d26d2b8a) Importer(815301076,1909f56bfc062723c751e8b465ee728b)
Start importing Assets/Resources/Loot/Loot.prefab using Guid(d587ba2fd38b20449986c007d26d2b8a) Importer(815301076,1909f56bfc062723c751e8b465ee728b)  -> (artifact id: '75448590ed13c897ddceda77f361cafa') in 0.157084 seconds 
========================================================================
Received Prepare
Registering precompiled user dll's ...
Registered in 0.000246 seconds.
Begin MonoManager ReloadAssembly
Native extension for Android target not found
Native extension for OSXStandalone target not found
Refreshing native plugins compatible for Editor in 0.33 ms, found 1 plugins.
Preloading 0 native plugins for Editor in 0.00 ms.
Mono: successfully reloaded assembly
- Completed reload, in  0.723 seconds
Domain Reload Profiling:
	ReloadAssembly (724ms)
		BeginReloadAssembly (109ms)
			ExecutionOrderSort (0ms)
			DisableScriptedObjects (6ms)
			BackupInstance (0ms)
			ReleaseScriptingObjects (0ms)
			CreateAndSetChildDomain (24ms)
		EndReloadAssembly (513ms)
			LoadAssemblies (60ms)
			RebuildTransferFunctionScriptingTraits (0ms)
			SetupTypeCache (157ms)
			ReleaseScriptCaches (1ms)
			RebuildScriptCaches (40ms)
			SetupLoadedEditorAssemblies (210ms)
				LogAssemblyErrors (0ms)
				InitializePlatformSupportModulesInManaged (16ms)
				SetLoadedEditorAssemblies (0ms)
				RefreshPlugins (0ms)
				BeforeProcessingInitializeOnLoad (36ms)
				ProcessInitializeOnLoadAttributes (128ms)
				ProcessInitializeOnLoadMethodAttributes (28ms)
				AfterProcessingInitializeOnLoad (2ms)
				EditorAssembliesLoaded (0ms)
			ExecutionOrderSort2 (0ms)
			AwakeInstancesAfterBackupRestoration (4ms)
Platform modules already initialized, skipping
Refreshing native plugins compatible for Editor in 0.50 ms, found 1 plugins.
Preloading 0 native plugins for Editor in 0.00 ms.
Unloading 1245 Unused Serialized files (Serialized files now loaded: 0)
Unloading 3 unused Assets / (45.0 KB). Loaded Objects now: 1777.
Memory consumption went from 141.2 MB to 141.2 MB.
Total: 3.116051 ms (FindLiveObjects: 0.132666 ms CreateObjectMapping: 0.045139 ms MarkObjects: 2.866599 ms  DeleteObjects: 0.070628 ms)

AssetImportParameters requested are different than current active one (requested -> active):
  custom:video-decoder-ogg-theora: a1e56fd34408186e4bbccfd4996cb3dc -> 
  custom:container-muxer-webm: aa71ff27fc2769a1b78a27578f13a17b -> 
  custom:container-demuxer-webm: 4f35f7cbe854078d1ac9338744f61a02 -> 
  custom:video-encoder-webm-vp8: eb34c28f22e8b96e1ab97ce403110664 -> 
  custom:framework-osx-AVFoundation: e770b220cccbd017edd2c1fefb359320 -> 
  custom:audio-encoder-webm-vorbis: bf7c407c2cedff20999df2af8eb42d56 -> 
  custom:container-demuxer-ogg: 62fdf1f143b41e24485cea50d1cbac27 -> 
  custom:video-decoder-webm-vp8: 9c59270c3fd7afecdb556c50c9e8de78 -> 
  custom:audio-decoder-ogg-vorbis: bf7c407c2cedff20999df2af8eb42d56 -> 
========================================================================
Received Import Request.
  Time since last request: 53.735504 seconds.
  path: Assets/Resources/Loot/Loot.prefab
  artifactKey: Guid(d587ba2fd38b20449986c007d26d2b8a) Importer(815301076,1909f56bfc062723c751e8b465ee728b)
Start importing Assets/Resources/Loot/Loot.prefab using Guid(d587ba2fd38b20449986c007d26d2b8a) Importer(815301076,1909f56bfc062723c751e8b465ee728b)  -> (artifact id: '1fabb449f1f4c2f57aca5245fa9e29c9') in 0.154447 seconds 
========================================================================
Received Import Request.
  Time since last request: 74.483900 seconds.
  path: Assets/Resources/Hud/CFX3_T_Skull.png
  artifactKey: Guid(82b448adfb6601845b465afd5c576d56) Importer(815301076,1909f56bfc062723c751e8b465ee728b)
Start importing Assets/Resources/Hud/CFX3_T_Skull.png using Guid(82b448adfb6601845b465afd5c576d56) Importer(815301076,1909f56bfc062723c751e8b465ee728b)  -> (artifact id: '4fa7c722b0580e461531c88005b55272') in 0.171283 seconds 
========================================================================
Received Import Request.
  Time since last request: 42.036545 seconds.
  path: Assets/Resources/Hud/Hud.prefab
  artifactKey: Guid(f6395af14c6ae2d4ea00c7e97e633ad3) Importer(815301076,1909f56bfc062723c751e8b465ee728b)
Start importing Assets/Resources/Hud/Hud.prefab using Guid(f6395af14c6ae2d4ea00c7e97e633ad3) Importer(815301076,1909f56bfc062723c751e8b465ee728b)  -> (artifact id: '6444a8f2161eb20e9b4fc64032b42584') in 0.009873 seconds 
========================================================================
Received Import Request.
  Time since last request: 6.255988 seconds.
  path: Assets/Resources/Hud/Hud.prefab
  artifactKey: Guid(f6395af14c6ae2d4ea00c7e97e633ad3) Importer(815301076,1909f56bfc062723c751e8b465ee728b)
Start importing Assets/Resources/Hud/Hud.prefab using Guid(f6395af14c6ae2d4ea00c7e97e633ad3) Importer(815301076,1909f56bfc062723c751e8b465ee728b)  -> (artifact id: '826b5b274861f61b07a3aae98b21318a') in 0.004804 seconds 
========================================================================
Received Import Request.
  Time since last request: 1.193113 seconds.
  path: Assets/Resources/Hud/Hud.prefab
  artifactKey: Guid(f6395af14c6ae2d4ea00c7e97e633ad3) Importer(815301076,1909f56bfc062723c751e8b465ee728b)
Start importing Assets/Resources/Hud/Hud.prefab using Guid(f6395af14c6ae2d4ea00c7e97e633ad3) Importer(815301076,1909f56bfc062723c751e8b465ee728b)  -> (artifact id: '35d7fa9146d49ac71460f4cc7696dc18') in 0.004664 seconds 
========================================================================
Received Import Request.
  Time since last request: 5.254024 seconds.
  path: Assets/Resources/Hud/Hud.prefab
  artifactKey: Guid(f6395af14c6ae2d4ea00c7e97e633ad3) Importer(815301076,1909f56bfc062723c751e8b465ee728b)
Start importing Assets/Resources/Hud/Hud.prefab using Guid(f6395af14c6ae2d4ea00c7e97e633ad3) Importer(815301076,1909f56bfc062723c751e8b465ee728b)  -> (artifact id: '452597f20f6b68aeef1d28e69e62a0ba') in 0.004754 seconds 
========================================================================
Received Import Request.
  Time since last request: 9.008242 seconds.
  path: Assets/Resources/Hud/Hud.prefab
  artifactKey: Guid(f6395af14c6ae2d4ea00c7e97e633ad3) Importer(815301076,1909f56bfc062723c751e8b465ee728b)
Start importing Assets/Resources/Hud/Hud.prefab using Guid(f6395af14c6ae2d4ea00c7e97e633ad3) Importer(815301076,1909f56bfc062723c751e8b465ee728b)  -> (artifact id: '84774e6442b8db00683bec07ad216294') in 0.004574 seconds 
========================================================================
Received Import Request.
  Time since last request: 4.642559 seconds.
  path: Assets/Resources/Hud/Hud.prefab
  artifactKey: Guid(f6395af14c6ae2d4ea00c7e97e633ad3) Importer(815301076,1909f56bfc062723c751e8b465ee728b)
Start importing Assets/Resources/Hud/Hud.prefab using Guid(f6395af14c6ae2d4ea00c7e97e633ad3) Importer(815301076,1909f56bfc062723c751e8b465ee728b)  -> (artifact id: 'df98d3c27b49f11d34e6ffd08f23cd49') in 0.006279 seconds 
========================================================================
Received Import Request.
  Time since last request: 9.748941 seconds.
  path: Assets/Resources/Hud/Hud.prefab
  artifactKey: Guid(f6395af14c6ae2d4ea00c7e97e633ad3) Importer(815301076,1909f56bfc062723c751e8b465ee728b)
Start importing Assets/Resources/Hud/Hud.prefab using Guid(f6395af14c6ae2d4ea00c7e97e633ad3) Importer(815301076,1909f56bfc062723c751e8b465ee728b)  -> (artifact id: 'd3fb3a6235a969ec251a706a1731beeb') in 0.004645 seconds 
========================================================================
Received Import Request.
  Time since last request: 5.879949 seconds.
  path: Assets/Resources/Hud/Hud.prefab
  artifactKey: Guid(f6395af14c6ae2d4ea00c7e97e633ad3) Importer(815301076,1909f56bfc062723c751e8b465ee728b)
Start importing Assets/Resources/Hud/Hud.prefab using Guid(f6395af14c6ae2d4ea00c7e97e633ad3) Importer(815301076,1909f56bfc062723c751e8b465ee728b)  -> (artifact id: '45e1299cac24aafdc612db2a7de34fd8') in 0.004793 seconds 
========================================================================
Received Import Request.
  Time since last request: 5.440147 seconds.
  path: Assets/Resources/Hud/Hud.prefab
  artifactKey: Guid(f6395af14c6ae2d4ea00c7e97e633ad3) Importer(815301076,1909f56bfc062723c751e8b465ee728b)
Start importing Assets/Resources/Hud/Hud.prefab using Guid(f6395af14c6ae2d4ea00c7e97e633ad3) Importer(815301076,1909f56bfc062723c751e8b465ee728b)  -> (artifact id: '35a874260ce931c971c5246922fd6a8a') in 0.004581 seconds 
========================================================================
Received Import Request.
  Time since last request: 2.007656 seconds.
  path: Assets/Resources/Hud/Hud.prefab
  artifactKey: Guid(f6395af14c6ae2d4ea00c7e97e633ad3) Importer(815301076,1909f56bfc062723c751e8b465ee728b)
Start importing Assets/Resources/Hud/Hud.prefab using Guid(f6395af14c6ae2d4ea00c7e97e633ad3) Importer(815301076,1909f56bfc062723c751e8b465ee728b)  -> (artifact id: 'c2908731b3c2f4610caf3b905e59580d') in 0.004701 seconds 
========================================================================
Received Import Request.
  Time since last request: 3.631497 seconds.
  path: Assets/Resources/Hud/Hud.prefab
  artifactKey: Guid(f6395af14c6ae2d4ea00c7e97e633ad3) Importer(815301076,1909f56bfc062723c751e8b465ee728b)
Start importing Assets/Resources/Hud/Hud.prefab using Guid(f6395af14c6ae2d4ea00c7e97e633ad3) Importer(815301076,1909f56bfc062723c751e8b465ee728b)  -> (artifact id: '3621b20237555e5b478d43607674e404') in 0.004725 seconds 
========================================================================
Received Import Request.
  Time since last request: 25.377425 seconds.
  path: Assets/Resources/Hud/Hud.prefab
  artifactKey: Guid(f6395af14c6ae2d4ea00c7e97e633ad3) Importer(815301076,1909f56bfc062723c751e8b465ee728b)
Start importing Assets/Resources/Hud/Hud.prefab using Guid(f6395af14c6ae2d4ea00c7e97e633ad3) Importer(815301076,1909f56bfc062723c751e8b465ee728b)  -> (artifact id: 'dbcc57bd59a8e358bee07e880a2c0108') in 0.020775 seconds 
========================================================================
Received Import Request.
  Time since last request: 2.679627 seconds.
  path: Assets/Resources/Hud/Hud.prefab
  artifactKey: Guid(f6395af14c6ae2d4ea00c7e97e633ad3) Importer(815301076,1909f56bfc062723c751e8b465ee728b)
Start importing Assets/Resources/Hud/Hud.prefab using Guid(f6395af14c6ae2d4ea00c7e97e633ad3) Importer(815301076,1909f56bfc062723c751e8b465ee728b)  -> (artifact id: '4cce0f9035d2d98c8bca5826da743316') in 0.019912 seconds 
========================================================================
Received Import Request.
  Time since last request: 80.831511 seconds.
  path: Assets/Resources/Hud/Hud.prefab
  artifactKey: Guid(f6395af14c6ae2d4ea00c7e97e633ad3) Importer(815301076,1909f56bfc062723c751e8b465ee728b)
Start importing Assets/Resources/Hud/Hud.prefab using Guid(f6395af14c6ae2d4ea00c7e97e633ad3) Importer(815301076,1909f56bfc062723c751e8b465ee728b)  -> (artifact id: 'b532fde58efc165195c28f1d04f9d832') in 0.018905 seconds 
========================================================================
Received Import Request.
  Time since last request: 3.044895 seconds.
  path: Assets/Resources/Hud/Hud.prefab
  artifactKey: Guid(f6395af14c6ae2d4ea00c7e97e633ad3) Importer(815301076,1909f56bfc062723c751e8b465ee728b)
Start importing Assets/Resources/Hud/Hud.prefab using Guid(f6395af14c6ae2d4ea00c7e97e633ad3) Importer(815301076,1909f56bfc062723c751e8b465ee728b)  -> (artifact id: '47294edc36e2bc786409084057725ed9') in 0.020658 seconds 
========================================================================
Received Import Request.
  Time since last request: 11.864579 seconds.
  path: Assets/Resources/Hud/Hud.prefab
  artifactKey: Guid(f6395af14c6ae2d4ea00c7e97e633ad3) Importer(815301076,1909f56bfc062723c751e8b465ee728b)
Start importing Assets/Resources/Hud/Hud.prefab using Guid(f6395af14c6ae2d4ea00c7e97e633ad3) Importer(815301076,1909f56bfc062723c751e8b465ee728b)  -> (artifact id: 'f66135eccf4b9239185c1a2d84b66377') in 0.019736 seconds 
========================================================================
Received Import Request.
  Time since last request: 20.221223 seconds.
  path: Assets/Resources/Hud/Hud.prefab
  artifactKey: Guid(f6395af14c6ae2d4ea00c7e97e633ad3) Importer(815301076,1909f56bfc062723c751e8b465ee728b)
Start importing Assets/Resources/Hud/Hud.prefab using Guid(f6395af14c6ae2d4ea00c7e97e633ad3) Importer(815301076,1909f56bfc062723c751e8b465ee728b)  -> (artifact id: 'f3c8e366b00da23beaead6c2ac43c92f') in 0.020176 seconds 
========================================================================
Received Import Request.
  Time since last request: 13.656730 seconds.
  path: Assets/Resources/Hud/Hud.prefab
  artifactKey: Guid(f6395af14c6ae2d4ea00c7e97e633ad3) Importer(815301076,1909f56bfc062723c751e8b465ee728b)
Start importing Assets/Resources/Hud/Hud.prefab using Guid(f6395af14c6ae2d4ea00c7e97e633ad3) Importer(815301076,1909f56bfc062723c751e8b465ee728b)  -> (artifact id: 'a6ebbd706c08b1668ce87ecfbf78cede') in 0.021445 seconds 
========================================================================
Received Import Request.
  Time since last request: 117.127985 seconds.
  path: Assets/Resources/Hud/Hud.prefab
  artifactKey: Guid(f6395af14c6ae2d4ea00c7e97e633ad3) Importer(815301076,1909f56bfc062723c751e8b465ee728b)
Start importing Assets/Resources/Hud/Hud.prefab using Guid(f6395af14c6ae2d4ea00c7e97e633ad3) Importer(815301076,1909f56bfc062723c751e8b465ee728b)  -> (artifact id: '5617b5972c29ea2421e8cdddff616bc7') in 0.019596 seconds 
========================================================================
Received Import Request.
  Time since last request: 4.953006 seconds.
  path: Assets/Resources/Hud/Hud.prefab
  artifactKey: Guid(f6395af14c6ae2d4ea00c7e97e633ad3) Importer(815301076,1909f56bfc062723c751e8b465ee728b)
Start importing Assets/Resources/Hud/Hud.prefab using Guid(f6395af14c6ae2d4ea00c7e97e633ad3) Importer(815301076,1909f56bfc062723c751e8b465ee728b)  -> (artifact id: '728032338ccc7207a95f65d1f6f17ff5') in 0.019604 seconds 
========================================================================
Received Import Request.
  Time since last request: 3.660944 seconds.
  path: Assets/Resources/Hud/Hud.prefab
  artifactKey: Guid(f6395af14c6ae2d4ea00c7e97e633ad3) Importer(815301076,1909f56bfc062723c751e8b465ee728b)
Start importing Assets/Resources/Hud/Hud.prefab using Guid(f6395af14c6ae2d4ea00c7e97e633ad3) Importer(815301076,1909f56bfc062723c751e8b465ee728b)  -> (artifact id: '392b413f0bdd98105f055c2ea55ce911') in 0.020139 seconds 
========================================================================
Received Import Request.
  Time since last request: 2.478734 seconds.
  path: Assets/Resources/Hud/Hud.prefab
  artifactKey: Guid(f6395af14c6ae2d4ea00c7e97e633ad3) Importer(815301076,1909f56bfc062723c751e8b465ee728b)
Start importing Assets/Resources/Hud/Hud.prefab using Guid(f6395af14c6ae2d4ea00c7e97e633ad3) Importer(815301076,1909f56bfc062723c751e8b465ee728b)  -> (artifact id: '9285911f237f090e3da617f914155bb7') in 0.020712 seconds 
========================================================================
Received Import Request.
  Time since last request: 3.068618 seconds.
  path: Assets/Resources/Hud/Hud.prefab
  artifactKey: Guid(f6395af14c6ae2d4ea00c7e97e633ad3) Importer(815301076,1909f56bfc062723c751e8b465ee728b)
Start importing Assets/Resources/Hud/Hud.prefab using Guid(f6395af14c6ae2d4ea00c7e97e633ad3) Importer(815301076,1909f56bfc062723c751e8b465ee728b)  -> (artifact id: 'a5343013f9d0fd6dca67443cf99babde') in 0.020297 seconds 
========================================================================
Received Import Request.
  Time since last request: 1.862856 seconds.
  path: Assets/Resources/Hud/Hud.prefab
  artifactKey: Guid(f6395af14c6ae2d4ea00c7e97e633ad3) Importer(815301076,1909f56bfc062723c751e8b465ee728b)
Start importing Assets/Resources/Hud/Hud.prefab using Guid(f6395af14c6ae2d4ea00c7e97e633ad3) Importer(815301076,1909f56bfc062723c751e8b465ee728b)  -> (artifact id: 'cbfd7cbddc0151f34af8ab1f5932a92e') in 0.020085 seconds 
========================================================================
Received Import Request.
  Time since last request: 3.595809 seconds.
  path: Assets/Resources/Hud/Hud.prefab
  artifactKey: Guid(f6395af14c6ae2d4ea00c7e97e633ad3) Importer(815301076,1909f56bfc062723c751e8b465ee728b)
Start importing Assets/Resources/Hud/Hud.prefab using Guid(f6395af14c6ae2d4ea00c7e97e633ad3) Importer(815301076,1909f56bfc062723c751e8b465ee728b)  -> (artifact id: '1218b49ddb7f6b8871a496cf9b0122d4') in 0.020210 seconds 
========================================================================
Received Import Request.
  Time since last request: 5.852024 seconds.
  path: Assets/Resources/Hud/Hud.prefab
  artifactKey: Guid(f6395af14c6ae2d4ea00c7e97e633ad3) Importer(815301076,1909f56bfc062723c751e8b465ee728b)
Start importing Assets/Resources/Hud/Hud.prefab using Guid(f6395af14c6ae2d4ea00c7e97e633ad3) Importer(815301076,1909f56bfc062723c751e8b465ee728b)  -> (artifact id: '31225ebf44d1784e4fff9eb5eb03a356') in 0.020910 seconds 
========================================================================
Received Import Request.
  Time since last request: 2.053745 seconds.
  path: Assets/Resources/Hud/Hud.prefab
  artifactKey: Guid(f6395af14c6ae2d4ea00c7e97e633ad3) Importer(815301076,1909f56bfc062723c751e8b465ee728b)
Start importing Assets/Resources/Hud/Hud.prefab using Guid(f6395af14c6ae2d4ea00c7e97e633ad3) Importer(815301076,1909f56bfc062723c751e8b465ee728b)  -> (artifact id: '5eb1c0f34382b20321562aac016782cc') in 0.018946 seconds 
========================================================================
Received Import Request.
  Time since last request: 16.333332 seconds.
  path: Assets/Resources/Hud/Hud.prefab
  artifactKey: Guid(f6395af14c6ae2d4ea00c7e97e633ad3) Importer(815301076,1909f56bfc062723c751e8b465ee728b)
Start importing Assets/Resources/Hud/Hud.prefab using Guid(f6395af14c6ae2d4ea00c7e97e633ad3) Importer(815301076,1909f56bfc062723c751e8b465ee728b)  -> (artifact id: '2304faacf291fd6639e70df9cae7e430') in 0.020154 seconds 
========================================================================
Received Import Request.
  Time since last request: 1.861565 seconds.
  path: Assets/Resources/Hud/Hud.prefab
  artifactKey: Guid(f6395af14c6ae2d4ea00c7e97e633ad3) Importer(815301076,1909f56bfc062723c751e8b465ee728b)
Start importing Assets/Resources/Hud/Hud.prefab using Guid(f6395af14c6ae2d4ea00c7e97e633ad3) Importer(815301076,1909f56bfc062723c751e8b465ee728b)  -> (artifact id: '383352e109f75568d247e6308a149866') in 0.019810 seconds 
========================================================================
Received Import Request.
  Time since last request: 222.911197 seconds.
  path: Assets/Resources/Hud/Hud.prefab
  artifactKey: Guid(f6395af14c6ae2d4ea00c7e97e633ad3) Importer(815301076,1909f56bfc062723c751e8b465ee728b)
Start importing Assets/Resources/Hud/Hud.prefab using Guid(f6395af14c6ae2d4ea00c7e97e633ad3) Importer(815301076,1909f56bfc062723c751e8b465ee728b)  -> (artifact id: '7d6e099a3a902c9a4cc9c985c47d4853') in 0.022509 seconds 
========================================================================
Received Import Request.
  Time since last request: 5.429622 seconds.
  path: Assets/Resources/Hud/Hud.prefab
  artifactKey: Guid(f6395af14c6ae2d4ea00c7e97e633ad3) Importer(815301076,1909f56bfc062723c751e8b465ee728b)
Start importing Assets/Resources/Hud/Hud.prefab using Guid(f6395af14c6ae2d4ea00c7e97e633ad3) Importer(815301076,1909f56bfc062723c751e8b465ee728b)  -> (artifact id: '20b4715d7ac10df5c9aca617a3608bbc') in 0.021193 seconds 
========================================================================
Received Import Request.
  Time since last request: 15.673776 seconds.
  path: Assets/Resources/Hud/Hud.prefab
  artifactKey: Guid(f6395af14c6ae2d4ea00c7e97e633ad3) Importer(815301076,1909f56bfc062723c751e8b465ee728b)
Start importing Assets/Resources/Hud/Hud.prefab using Guid(f6395af14c6ae2d4ea00c7e97e633ad3) Importer(815301076,1909f56bfc062723c751e8b465ee728b)  -> (artifact id: '99cf53969d03a910da7b564e59104cbd') in 0.020753 seconds 
========================================================================
Received Import Request.
  Time since last request: 1.003271 seconds.
  path: Assets/Resources/Hud/Hud.prefab
  artifactKey: Guid(f6395af14c6ae2d4ea00c7e97e633ad3) Importer(815301076,1909f56bfc062723c751e8b465ee728b)
Start importing Assets/Resources/Hud/Hud.prefab using Guid(f6395af14c6ae2d4ea00c7e97e633ad3) Importer(815301076,1909f56bfc062723c751e8b465ee728b)  -> (artifact id: 'bd7e5fb8804806324eaa03ae137031e7') in 0.021613 seconds 
========================================================================
Received Import Request.
  Time since last request: 11.400877 seconds.
  path: Assets/Resources/Hud/Hud.prefab
  artifactKey: Guid(f6395af14c6ae2d4ea00c7e97e633ad3) Importer(815301076,1909f56bfc062723c751e8b465ee728b)
Start importing Assets/Resources/Hud/Hud.prefab using Guid(f6395af14c6ae2d4ea00c7e97e633ad3) Importer(815301076,1909f56bfc062723c751e8b465ee728b)  -> (artifact id: '2c1ed43d6c551b6ab15c9e8121415e17') in 0.021604 seconds 
========================================================================
Received Import Request.
  Time since last request: 41.883067 seconds.
  path: Assets/Resources/Hud/Hud.prefab
  artifactKey: Guid(f6395af14c6ae2d4ea00c7e97e633ad3) Importer(815301076,1909f56bfc062723c751e8b465ee728b)
Start importing Assets/Resources/Hud/Hud.prefab using Guid(f6395af14c6ae2d4ea00c7e97e633ad3) Importer(815301076,1909f56bfc062723c751e8b465ee728b)  -> (artifact id: '90c45b46d8c07a0ce145ffec922c1714') in 0.020532 seconds 
========================================================================
Received Import Request.
  Time since last request: 31.534213 seconds.
  path: Assets/Resources/Hud/Hud.prefab
  artifactKey: Guid(f6395af14c6ae2d4ea00c7e97e633ad3) Importer(815301076,1909f56bfc062723c751e8b465ee728b)
Start importing Assets/Resources/Hud/Hud.prefab using Guid(f6395af14c6ae2d4ea00c7e97e633ad3) Importer(815301076,1909f56bfc062723c751e8b465ee728b)  -> (artifact id: '3d751b4886777c51ecd94fab2ce67635') in 0.020477 seconds 
========================================================================
Received Import Request.
  Time since last request: 3.540894 seconds.
  path: Assets/Resources/Hud/Hud.prefab
  artifactKey: Guid(f6395af14c6ae2d4ea00c7e97e633ad3) Importer(815301076,1909f56bfc062723c751e8b465ee728b)
Start importing Assets/Resources/Hud/Hud.prefab using Guid(f6395af14c6ae2d4ea00c7e97e633ad3) Importer(815301076,1909f56bfc062723c751e8b465ee728b)  -> (artifact id: '092691540e7a6af10decfca0958ec170') in 0.020933 seconds 
========================================================================
Received Import Request.
  Time since last request: 5.395462 seconds.
  path: Assets/Resources/Hud/Hud.prefab
  artifactKey: Guid(f6395af14c6ae2d4ea00c7e97e633ad3) Importer(815301076,1909f56bfc062723c751e8b465ee728b)
Start importing Assets/Resources/Hud/Hud.prefab using Guid(f6395af14c6ae2d4ea00c7e97e633ad3) Importer(815301076,1909f56bfc062723c751e8b465ee728b)  -> (artifact id: 'ad3a6c81dd55056e3df293d84f87d977') in 0.021089 seconds 
========================================================================
Received Import Request.
  Time since last request: 2.958098 seconds.
  path: Assets/Resources/Hud/Hud.prefab
  artifactKey: Guid(f6395af14c6ae2d4ea00c7e97e633ad3) Importer(815301076,1909f56bfc062723c751e8b465ee728b)
Start importing Assets/Resources/Hud/Hud.prefab using Guid(f6395af14c6ae2d4ea00c7e97e633ad3) Importer(815301076,1909f56bfc062723c751e8b465ee728b)  -> (artifact id: 'b61f7c0316ad39858e5174b72a807cf5') in 0.021405 seconds 
========================================================================
Received Import Request.
  Time since last request: 28.572592 seconds.
  path: Assets/Resources/Hud/Hud.prefab
  artifactKey: Guid(f6395af14c6ae2d4ea00c7e97e633ad3) Importer(815301076,1909f56bfc062723c751e8b465ee728b)
Start importing Assets/Resources/Hud/Hud.prefab using Guid(f6395af14c6ae2d4ea00c7e97e633ad3) Importer(815301076,1909f56bfc062723c751e8b465ee728b)  -> (artifact id: 'e6b1c28b9c9e08df122f658effb12c4b') in 0.020936 seconds 
========================================================================
Received Import Request.
  Time since last request: 10.904714 seconds.
  path: Assets/Resources/Hud/Hud.prefab
  artifactKey: Guid(f6395af14c6ae2d4ea00c7e97e633ad3) Importer(815301076,1909f56bfc062723c751e8b465ee728b)
Start importing Assets/Resources/Hud/Hud.prefab using Guid(f6395af14c6ae2d4ea00c7e97e633ad3) Importer(815301076,1909f56bfc062723c751e8b465ee728b)  -> (artifact id: '79dc181cb74a974c2ce379540cf5a96e') in 0.022847 seconds 
========================================================================
Received Import Request.
  Time since last request: 37.364248 seconds.
  path: Assets/Resources/Hud/Hud.prefab
  artifactKey: Guid(f6395af14c6ae2d4ea00c7e97e633ad3) Importer(815301076,1909f56bfc062723c751e8b465ee728b)
Start importing Assets/Resources/Hud/Hud.prefab using Guid(f6395af14c6ae2d4ea00c7e97e633ad3) Importer(815301076,1909f56bfc062723c751e8b465ee728b)  -> (artifact id: '34f9386c5fb80eb7585885c79db22d48') in 0.020694 seconds 
========================================================================
Received Import Request.
  Time since last request: 24.491817 seconds.
  path: Assets/Resources/Hud/Hud.prefab
  artifactKey: Guid(f6395af14c6ae2d4ea00c7e97e633ad3) Importer(815301076,1909f56bfc062723c751e8b465ee728b)
Start importing Assets/Resources/Hud/Hud.prefab using Guid(f6395af14c6ae2d4ea00c7e97e633ad3) Importer(815301076,1909f56bfc062723c751e8b465ee728b)  -> (artifact id: '19f4adbeaa3424df2e9729d02032aff9') in 0.020210 seconds 
========================================================================
Received Import Request.
  Time since last request: 2.481822 seconds.
  path: Assets/Resources/Hud/Hud.prefab
  artifactKey: Guid(f6395af14c6ae2d4ea00c7e97e633ad3) Importer(815301076,1909f56bfc062723c751e8b465ee728b)
Start importing Assets/Resources/Hud/Hud.prefab using Guid(f6395af14c6ae2d4ea00c7e97e633ad3) Importer(815301076,1909f56bfc062723c751e8b465ee728b)  -> (artifact id: '260c0d999215863ab5173bc7d77e6d5c') in 0.020664 seconds 
========================================================================
Received Import Request.
  Time since last request: 34.477819 seconds.
  path: Assets/Resources/Hud/Hud.prefab
  artifactKey: Guid(f6395af14c6ae2d4ea00c7e97e633ad3) Importer(815301076,1909f56bfc062723c751e8b465ee728b)
Start importing Assets/Resources/Hud/Hud.prefab using Guid(f6395af14c6ae2d4ea00c7e97e633ad3) Importer(815301076,1909f56bfc062723c751e8b465ee728b)  -> (artifact id: '14f35590a621659b75c4a5f780a7d264') in 0.021042 seconds 
========================================================================
Received Prepare
Registering precompiled user dll's ...
Registered in 0.000285 seconds.
Begin MonoManager ReloadAssembly
Native extension for Android target not found
Native extension for OSXStandalone target not found
Refreshing native plugins compatible for Editor in 0.28 ms, found 1 plugins.
Preloading 0 native plugins for Editor in 0.00 ms.
Mono: successfully reloaded assembly
- Completed reload, in  0.805 seconds
Domain Reload Profiling:
	ReloadAssembly (805ms)
		BeginReloadAssembly (126ms)
			ExecutionOrderSort (0ms)
			DisableScriptedObjects (8ms)
			BackupInstance (0ms)
			ReleaseScriptingObjects (0ms)
			CreateAndSetChildDomain (33ms)
		EndReloadAssembly (563ms)
			LoadAssemblies (65ms)
			RebuildTransferFunctionScriptingTraits (0ms)
			SetupTypeCache (170ms)
			ReleaseScriptCaches (1ms)
			RebuildScriptCaches (51ms)
			SetupLoadedEditorAssemblies (224ms)
				LogAssemblyErrors (0ms)
				InitializePlatformSupportModulesInManaged (16ms)
				SetLoadedEditorAssemblies (0ms)
				RefreshPlugins (0ms)
				BeforeProcessingInitializeOnLoad (39ms)
				ProcessInitializeOnLoadAttributes (134ms)
				ProcessInitializeOnLoadMethodAttributes (32ms)
				AfterProcessingInitializeOnLoad (3ms)
				EditorAssembliesLoaded (0ms)
			ExecutionOrderSort2 (0ms)
			AwakeInstancesAfterBackupRestoration (5ms)
Platform modules already initialized, skipping
Refreshing native plugins compatible for Editor in 0.38 ms, found 1 plugins.
Preloading 0 native plugins for Editor in 0.00 ms.
Unloading 1246 Unused Serialized files (Serialized files now loaded: 0)
Unloading 3 unused Assets / (45.0 KB). Loaded Objects now: 1785.
Memory consumption went from 219.5 MB to 219.4 MB.
Total: 2.910415 ms (FindLiveObjects: 0.137517 ms CreateObjectMapping: 0.050777 ms MarkObjects: 2.657743 ms  DeleteObjects: 0.063514 ms)

AssetImportParameters requested are different than current active one (requested -> active):
  custom:video-decoder-ogg-theora: a1e56fd34408186e4bbccfd4996cb3dc -> 
  custom:container-muxer-webm: aa71ff27fc2769a1b78a27578f13a17b -> 
  custom:container-demuxer-webm: 4f35f7cbe854078d1ac9338744f61a02 -> 
  custom:video-encoder-webm-vp8: eb34c28f22e8b96e1ab97ce403110664 -> 
  custom:framework-osx-AVFoundation: e770b220cccbd017edd2c1fefb359320 -> 
  custom:audio-encoder-webm-vorbis: bf7c407c2cedff20999df2af8eb42d56 -> 
  custom:container-demuxer-ogg: 62fdf1f143b41e24485cea50d1cbac27 -> 
  custom:video-decoder-webm-vp8: 9c59270c3fd7afecdb556c50c9e8de78 -> 
  custom:audio-decoder-ogg-vorbis: bf7c407c2cedff20999df2af8eb42d56 -> 
========================================================================
Received Prepare
Registering precompiled user dll's ...
Registered in 0.000277 seconds.
Begin MonoManager ReloadAssembly
Native extension for Android target not found
Native extension for OSXStandalone target not found
Refreshing native plugins compatible for Editor in 0.32 ms, found 1 plugins.
Preloading 0 native plugins for Editor in 0.00 ms.
Mono: successfully reloaded assembly
- Completed reload, in  0.877 seconds
Domain Reload Profiling:
	ReloadAssembly (878ms)
		BeginReloadAssembly (124ms)
			ExecutionOrderSort (0ms)
			DisableScriptedObjects (9ms)
			BackupInstance (0ms)
			ReleaseScriptingObjects (0ms)
			CreateAndSetChildDomain (25ms)
		EndReloadAssembly (637ms)
			LoadAssemblies (69ms)
			RebuildTransferFunctionScriptingTraits (0ms)
			SetupTypeCache (174ms)
			ReleaseScriptCaches (1ms)
			RebuildScriptCaches (54ms)
			SetupLoadedEditorAssemblies (276ms)
				LogAssemblyErrors (0ms)
				InitializePlatformSupportModulesInManaged (21ms)
				SetLoadedEditorAssemblies (1ms)
				RefreshPlugins (0ms)
				BeforeProcessingInitializeOnLoad (44ms)
				ProcessInitializeOnLoadAttributes (167ms)
				ProcessInitializeOnLoadMethodAttributes (39ms)
				AfterProcessingInitializeOnLoad (3ms)
				EditorAssembliesLoaded (0ms)
			ExecutionOrderSort2 (0ms)
			AwakeInstancesAfterBackupRestoration (8ms)
Platform modules already initialized, skipping
Refreshing native plugins compatible for Editor in 1.24 ms, found 1 plugins.
Preloading 0 native plugins for Editor in 0.00 ms.
Unloading 1246 Unused Serialized files (Serialized files now loaded: 0)
Unloading 3 unused Assets / (44.9 KB). Loaded Objects now: 1788.
Memory consumption went from 220.7 MB to 220.7 MB.
Total: 3.524888 ms (FindLiveObjects: 0.183828 ms CreateObjectMapping: 0.092407 ms MarkObjects: 3.171922 ms  DeleteObjects: 0.075565 ms)

AssetImportParameters requested are different than current active one (requested -> active):
  custom:video-decoder-ogg-theora: a1e56fd34408186e4bbccfd4996cb3dc -> 
  custom:container-muxer-webm: aa71ff27fc2769a1b78a27578f13a17b -> 
  custom:container-demuxer-webm: 4f35f7cbe854078d1ac9338744f61a02 -> 
  custom:video-encoder-webm-vp8: eb34c28f22e8b96e1ab97ce403110664 -> 
  custom:framework-osx-AVFoundation: e770b220cccbd017edd2c1fefb359320 -> 
  custom:audio-encoder-webm-vorbis: bf7c407c2cedff20999df2af8eb42d56 -> 
  custom:container-demuxer-ogg: 62fdf1f143b41e24485cea50d1cbac27 -> 
  custom:video-decoder-webm-vp8: 9c59270c3fd7afecdb556c50c9e8de78 -> 
  custom:audio-decoder-ogg-vorbis: bf7c407c2cedff20999df2af8eb42d56 -> 
========================================================================
Received Prepare
Registering precompiled user dll's ...
Registered in 0.000322 seconds.
Begin MonoManager ReloadAssembly
Native extension for Android target not found
Native extension for OSXStandalone target not found
Refreshing native plugins compatible for Editor in 0.28 ms, found 1 plugins.
Preloading 0 native plugins for Editor in 0.00 ms.
Mono: successfully reloaded assembly
- Completed reload, in  0.699 seconds
Domain Reload Profiling:
	ReloadAssembly (699ms)
		BeginReloadAssembly (100ms)
			ExecutionOrderSort (0ms)
			DisableScriptedObjects (7ms)
			BackupInstance (0ms)
			ReleaseScriptingObjects (0ms)
			CreateAndSetChildDomain (23ms)
		EndReloadAssembly (503ms)
			LoadAssemblies (51ms)
			RebuildTransferFunctionScriptingTraits (0ms)
			SetupTypeCache (143ms)
			ReleaseScriptCaches (1ms)
			RebuildScriptCaches (45ms)
			SetupLoadedEditorAssemblies (214ms)
				LogAssemblyErrors (0ms)
				InitializePlatformSupportModulesInManaged (18ms)
				SetLoadedEditorAssemblies (0ms)
				RefreshPlugins (0ms)
				BeforeProcessingInitializeOnLoad (39ms)
				ProcessInitializeOnLoadAttributes (128ms)
				ProcessInitializeOnLoadMethodAttributes (26ms)
				AfterProcessingInitializeOnLoad (2ms)
				EditorAssembliesLoaded (0ms)
			ExecutionOrderSort2 (0ms)
			AwakeInstancesAfterBackupRestoration (4ms)
Platform modules already initialized, skipping
Refreshing native plugins compatible for Editor in 0.43 ms, found 1 plugins.
Preloading 0 native plugins for Editor in 0.00 ms.
Unloading 1246 Unused Serialized files (Serialized files now loaded: 0)
Unloading 3 unused Assets / (45.0 KB). Loaded Objects now: 1791.
Memory consumption went from 222.0 MB to 221.9 MB.
Total: 3.277535 ms (FindLiveObjects: 0.137935 ms CreateObjectMapping: 0.063042 ms MarkObjects: 3.003026 ms  DeleteObjects: 0.072197 ms)

AssetImportParameters requested are different than current active one (requested -> active):
  custom:video-decoder-ogg-theora: a1e56fd34408186e4bbccfd4996cb3dc -> 
  custom:container-muxer-webm: aa71ff27fc2769a1b78a27578f13a17b -> 
  custom:container-demuxer-webm: 4f35f7cbe854078d1ac9338744f61a02 -> 
  custom:video-encoder-webm-vp8: eb34c28f22e8b96e1ab97ce403110664 -> 
  custom:framework-osx-AVFoundation: e770b220cccbd017edd2c1fefb359320 -> 
  custom:audio-encoder-webm-vorbis: bf7c407c2cedff20999df2af8eb42d56 -> 
  custom:container-demuxer-ogg: 62fdf1f143b41e24485cea50d1cbac27 -> 
  custom:video-decoder-webm-vp8: 9c59270c3fd7afecdb556c50c9e8de78 -> 
  custom:audio-decoder-ogg-vorbis: bf7c407c2cedff20999df2af8eb42d56 -> 
========================================================================
Received Prepare
Registering precompiled user dll's ...
Registered in 0.000305 seconds.
Begin MonoManager ReloadAssembly
Native extension for Android target not found
Native extension for OSXStandalone target not found
Refreshing native plugins compatible for Editor in 0.27 ms, found 1 plugins.
Preloading 0 native plugins for Editor in 0.00 ms.
Mono: successfully reloaded assembly
- Completed reload, in  0.689 seconds
Domain Reload Profiling:
	ReloadAssembly (689ms)
		BeginReloadAssembly (102ms)
			ExecutionOrderSort (0ms)
			DisableScriptedObjects (7ms)
			BackupInstance (0ms)
			ReleaseScriptingObjects (0ms)
			CreateAndSetChildDomain (22ms)
		EndReloadAssembly (491ms)
			LoadAssemblies (54ms)
			RebuildTransferFunctionScriptingTraits (0ms)
			SetupTypeCache (141ms)
			ReleaseScriptCaches (1ms)
			RebuildScriptCaches (43ms)
			SetupLoadedEditorAssemblies (207ms)
				LogAssemblyErrors (0ms)
				InitializePlatformSupportModulesInManaged (16ms)
				SetLoadedEditorAssemblies (0ms)
				RefreshPlugins (0ms)
				BeforeProcessingInitializeOnLoad (37ms)
				ProcessInitializeOnLoadAttributes (126ms)
				ProcessInitializeOnLoadMethodAttributes (25ms)
				AfterProcessingInitializeOnLoad (2ms)
				EditorAssembliesLoaded (0ms)
			ExecutionOrderSort2 (0ms)
			AwakeInstancesAfterBackupRestoration (4ms)
Platform modules already initialized, skipping
Refreshing native plugins compatible for Editor in 0.42 ms, found 1 plugins.
Preloading 0 native plugins for Editor in 0.00 ms.
Unloading 1246 Unused Serialized files (Serialized files now loaded: 0)
Unloading 3 unused Assets / (45.0 KB). Loaded Objects now: 1794.
Memory consumption went from 223.2 MB to 223.2 MB.
Total: 2.430837 ms (FindLiveObjects: 0.114691 ms CreateObjectMapping: 0.042878 ms MarkObjects: 2.217466 ms  DeleteObjects: 0.055166 ms)

AssetImportParameters requested are different than current active one (requested -> active):
  custom:video-decoder-ogg-theora: a1e56fd34408186e4bbccfd4996cb3dc -> 
  custom:container-muxer-webm: aa71ff27fc2769a1b78a27578f13a17b -> 
  custom:container-demuxer-webm: 4f35f7cbe854078d1ac9338744f61a02 -> 
  custom:video-encoder-webm-vp8: eb34c28f22e8b96e1ab97ce403110664 -> 
  custom:framework-osx-AVFoundation: e770b220cccbd017edd2c1fefb359320 -> 
  custom:audio-encoder-webm-vorbis: bf7c407c2cedff20999df2af8eb42d56 -> 
  custom:container-demuxer-ogg: 62fdf1f143b41e24485cea50d1cbac27 -> 
  custom:video-decoder-webm-vp8: 9c59270c3fd7afecdb556c50c9e8de78 -> 
  custom:audio-decoder-ogg-vorbis: bf7c407c2cedff20999df2af8eb42d56 -> 
========================================================================
Received Prepare
Registering precompiled user dll's ...
Registered in 0.000283 seconds.
Begin MonoManager ReloadAssembly
Native extension for Android target not found
Native extension for OSXStandalone target not found
Refreshing native plugins compatible for Editor in 0.34 ms, found 1 plugins.
Preloading 0 native plugins for Editor in 0.00 ms.
Mono: successfully reloaded assembly
- Completed reload, in  0.789 seconds
Domain Reload Profiling:
	ReloadAssembly (790ms)
		BeginReloadAssembly (117ms)
			ExecutionOrderSort (0ms)
			DisableScriptedObjects (8ms)
			BackupInstance (0ms)
			ReleaseScriptingObjects (0ms)
			CreateAndSetChildDomain (25ms)
		EndReloadAssembly (571ms)
			LoadAssemblies (66ms)
			RebuildTransferFunctionScriptingTraits (0ms)
			SetupTypeCache (166ms)
			ReleaseScriptCaches (1ms)
			RebuildScriptCaches (51ms)
			SetupLoadedEditorAssemblies (235ms)
				LogAssemblyErrors (0ms)
				InitializePlatformSupportModulesInManaged (21ms)
				SetLoadedEditorAssemblies (1ms)
				RefreshPlugins (0ms)
				BeforeProcessingInitializeOnLoad (44ms)
				ProcessInitializeOnLoadAttributes (140ms)
				ProcessInitializeOnLoadMethodAttributes (27ms)
				AfterProcessingInitializeOnLoad (2ms)
				EditorAssembliesLoaded (0ms)
			ExecutionOrderSort2 (0ms)
			AwakeInstancesAfterBackupRestoration (4ms)
Platform modules already initialized, skipping
Refreshing native plugins compatible for Editor in 0.38 ms, found 1 plugins.
Preloading 0 native plugins for Editor in 0.00 ms.
Unloading 1246 Unused Serialized files (Serialized files now loaded: 0)
Unloading 3 unused Assets / (45.1 KB). Loaded Objects now: 1797.
Memory consumption went from 224.4 MB to 224.4 MB.
Total: 2.418295 ms (FindLiveObjects: 0.116460 ms CreateObjectMapping: 0.045435 ms MarkObjects: 2.198957 ms  DeleteObjects: 0.056704 ms)

AssetImportParameters requested are different than current active one (requested -> active):
  custom:video-decoder-ogg-theora: a1e56fd34408186e4bbccfd4996cb3dc -> 
  custom:container-muxer-webm: aa71ff27fc2769a1b78a27578f13a17b -> 
  custom:container-demuxer-webm: 4f35f7cbe854078d1ac9338744f61a02 -> 
  custom:video-encoder-webm-vp8: eb34c28f22e8b96e1ab97ce403110664 -> 
  custom:framework-osx-AVFoundation: e770b220cccbd017edd2c1fefb359320 -> 
  custom:audio-encoder-webm-vorbis: bf7c407c2cedff20999df2af8eb42d56 -> 
  custom:container-demuxer-ogg: 62fdf1f143b41e24485cea50d1cbac27 -> 
  custom:video-decoder-webm-vp8: 9c59270c3fd7afecdb556c50c9e8de78 -> 
  custom:audio-decoder-ogg-vorbis: bf7c407c2cedff20999df2af8eb42d56 -> 
========================================================================
Received Prepare
Registering precompiled user dll's ...
Registered in 0.000244 seconds.
Begin MonoManager ReloadAssembly
Native extension for Android target not found
Native extension for OSXStandalone target not found
Refreshing native plugins compatible for Editor in 0.32 ms, found 1 plugins.
Preloading 0 native plugins for Editor in 0.00 ms.
Mono: successfully reloaded assembly
- Completed reload, in  0.840 seconds
Domain Reload Profiling:
	ReloadAssembly (841ms)
		BeginReloadAssembly (124ms)
			ExecutionOrderSort (0ms)
			DisableScriptedObjects (8ms)
			BackupInstance (0ms)
			ReleaseScriptingObjects (0ms)
			CreateAndSetChildDomain (27ms)
		EndReloadAssembly (602ms)
			LoadAssemblies (69ms)
			RebuildTransferFunctionScriptingTraits (0ms)
			SetupTypeCache (173ms)
			ReleaseScriptCaches (1ms)
			RebuildScriptCaches (50ms)
			SetupLoadedEditorAssemblies (254ms)
				LogAssemblyErrors (0ms)
				InitializePlatformSupportModulesInManaged (20ms)
				SetLoadedEditorAssemblies (1ms)
				RefreshPlugins (0ms)
				BeforeProcessingInitializeOnLoad (45ms)
				ProcessInitializeOnLoadAttributes (155ms)
				ProcessInitializeOnLoadMethodAttributes (30ms)
				AfterProcessingInitializeOnLoad (2ms)
				EditorAssembliesLoaded (0ms)
			ExecutionOrderSort2 (0ms)
			AwakeInstancesAfterBackupRestoration (6ms)
Platform modules already initialized, skipping
Refreshing native plugins compatible for Editor in 0.38 ms, found 1 plugins.
Preloading 0 native plugins for Editor in 0.00 ms.
Unloading 1246 Unused Serialized files (Serialized files now loaded: 0)
Unloading 3 unused Assets / (44.9 KB). Loaded Objects now: 1800.
Memory consumption went from 225.7 MB to 225.6 MB.
Total: 2.513802 ms (FindLiveObjects: 0.117385 ms CreateObjectMapping: 0.048625 ms MarkObjects: 2.298993 ms  DeleteObjects: 0.048235 ms)

AssetImportParameters requested are different than current active one (requested -> active):
  custom:video-decoder-ogg-theora: a1e56fd34408186e4bbccfd4996cb3dc -> 
  custom:container-muxer-webm: aa71ff27fc2769a1b78a27578f13a17b -> 
  custom:container-demuxer-webm: 4f35f7cbe854078d1ac9338744f61a02 -> 
  custom:video-encoder-webm-vp8: eb34c28f22e8b96e1ab97ce403110664 -> 
  custom:framework-osx-AVFoundation: e770b220cccbd017edd2c1fefb359320 -> 
  custom:audio-encoder-webm-vorbis: bf7c407c2cedff20999df2af8eb42d56 -> 
  custom:container-demuxer-ogg: 62fdf1f143b41e24485cea50d1cbac27 -> 
  custom:video-decoder-webm-vp8: 9c59270c3fd7afecdb556c50c9e8de78 -> 
  custom:audio-decoder-ogg-vorbis: bf7c407c2cedff20999df2af8eb42d56 -> 
========================================================================
Received Prepare
Registering precompiled user dll's ...
Registered in 0.000261 seconds.
Begin MonoManager ReloadAssembly
Native extension for Android target not found
Native extension for OSXStandalone target not found
Refreshing native plugins compatible for Editor in 0.28 ms, found 1 plugins.
Preloading 0 native plugins for Editor in 0.00 ms.
Mono: successfully reloaded assembly
- Completed reload, in  0.783 seconds
Domain Reload Profiling:
	ReloadAssembly (784ms)
		BeginReloadAssembly (119ms)
			ExecutionOrderSort (0ms)
			DisableScriptedObjects (7ms)
			BackupInstance (0ms)
			ReleaseScriptingObjects (0ms)
			CreateAndSetChildDomain (24ms)
		EndReloadAssembly (555ms)
			LoadAssemblies (67ms)
			RebuildTransferFunctionScriptingTraits (0ms)
			SetupTypeCache (166ms)
			ReleaseScriptCaches (1ms)
			RebuildScriptCaches (49ms)
			SetupLoadedEditorAssemblies (224ms)
				LogAssemblyErrors (0ms)
				InitializePlatformSupportModulesInManaged (19ms)
				SetLoadedEditorAssemblies (1ms)
				RefreshPlugins (0ms)
				BeforeProcessingInitializeOnLoad (39ms)
				ProcessInitializeOnLoadAttributes (138ms)
				ProcessInitializeOnLoadMethodAttributes (25ms)
				AfterProcessingInitializeOnLoad (2ms)
				EditorAssembliesLoaded (0ms)
			ExecutionOrderSort2 (0ms)
			AwakeInstancesAfterBackupRestoration (4ms)
Platform modules already initialized, skipping
Refreshing native plugins compatible for Editor in 0.38 ms, found 1 plugins.
Preloading 0 native plugins for Editor in 0.00 ms.
Unloading 1246 Unused Serialized files (Serialized files now loaded: 0)
Unloading 3 unused Assets / (45.0 KB). Loaded Objects now: 1803.
Memory consumption went from 226.9 MB to 226.9 MB.
Total: 2.501701 ms (FindLiveObjects: 0.113266 ms CreateObjectMapping: 0.040301 ms MarkObjects: 2.290247 ms  DeleteObjects: 0.057300 ms)

AssetImportParameters requested are different than current active one (requested -> active):
  custom:video-decoder-ogg-theora: a1e56fd34408186e4bbccfd4996cb3dc -> 
  custom:container-muxer-webm: aa71ff27fc2769a1b78a27578f13a17b -> 
  custom:container-demuxer-webm: 4f35f7cbe854078d1ac9338744f61a02 -> 
  custom:video-encoder-webm-vp8: eb34c28f22e8b96e1ab97ce403110664 -> 
  custom:framework-osx-AVFoundation: e770b220cccbd017edd2c1fefb359320 -> 
  custom:audio-encoder-webm-vorbis: bf7c407c2cedff20999df2af8eb42d56 -> 
  custom:container-demuxer-ogg: 62fdf1f143b41e24485cea50d1cbac27 -> 
  custom:video-decoder-webm-vp8: 9c59270c3fd7afecdb556c50c9e8de78 -> 
  custom:audio-decoder-ogg-vorbis: bf7c407c2cedff20999df2af8eb42d56 -> 
========================================================================
Received Prepare
Registering precompiled user dll's ...
Registered in 0.000359 seconds.
Begin MonoManager ReloadAssembly
Native extension for Android target not found
Native extension for OSXStandalone target not found
Refreshing native plugins compatible for Editor in 0.31 ms, found 1 plugins.
Preloading 0 native plugins for Editor in 0.00 ms.
Mono: successfully reloaded assembly
- Completed reload, in  0.782 seconds
Domain Reload Profiling:
	ReloadAssembly (782ms)
		BeginReloadAssembly (116ms)
			ExecutionOrderSort (0ms)
			DisableScriptedObjects (8ms)
			BackupInstance (0ms)
			ReleaseScriptingObjects (0ms)
			CreateAndSetChildDomain (24ms)
		EndReloadAssembly (567ms)
			LoadAssemblies (64ms)
			RebuildTransferFunctionScriptingTraits (0ms)
			SetupTypeCache (147ms)
			ReleaseScriptCaches (1ms)
			RebuildScriptCaches (53ms)
			SetupLoadedEditorAssemblies (236ms)
				LogAssemblyErrors (0ms)
				InitializePlatformSupportModulesInManaged (19ms)
				SetLoadedEditorAssemblies (1ms)
				RefreshPlugins (0ms)
				BeforeProcessingInitializeOnLoad (39ms)
				ProcessInitializeOnLoadAttributes (142ms)
				ProcessInitializeOnLoadMethodAttributes (32ms)
				AfterProcessingInitializeOnLoad (3ms)
				EditorAssembliesLoaded (0ms)
			ExecutionOrderSort2 (0ms)
			AwakeInstancesAfterBackupRestoration (6ms)
Platform modules already initialized, skipping
Refreshing native plugins compatible for Editor in 1.81 ms, found 1 plugins.
Preloading 0 native plugins for Editor in 0.00 ms.
Unloading 1246 Unused Serialized files (Serialized files now loaded: 0)
Unloading 3 unused Assets / (44.9 KB). Loaded Objects now: 1806.
Memory consumption went from 228.2 MB to 228.1 MB.
Total: 5.685229 ms (FindLiveObjects: 0.379776 ms CreateObjectMapping: 0.115931 ms MarkObjects: 4.982792 ms  DeleteObjects: 0.204669 ms)

AssetImportParameters requested are different than current active one (requested -> active):
  custom:video-decoder-ogg-theora: a1e56fd34408186e4bbccfd4996cb3dc -> 
  custom:container-muxer-webm: aa71ff27fc2769a1b78a27578f13a17b -> 
  custom:container-demuxer-webm: 4f35f7cbe854078d1ac9338744f61a02 -> 
  custom:video-encoder-webm-vp8: eb34c28f22e8b96e1ab97ce403110664 -> 
  custom:framework-osx-AVFoundation: e770b220cccbd017edd2c1fefb359320 -> 
  custom:audio-encoder-webm-vorbis: bf7c407c2cedff20999df2af8eb42d56 -> 
  custom:container-demuxer-ogg: 62fdf1f143b41e24485cea50d1cbac27 -> 
  custom:video-decoder-webm-vp8: 9c59270c3fd7afecdb556c50c9e8de78 -> 
  custom:audio-decoder-ogg-vorbis: bf7c407c2cedff20999df2af8eb42d56 -> 
========================================================================
Received Prepare
Registering precompiled user dll's ...
Registered in 0.000306 seconds.
Begin MonoManager ReloadAssembly
Native extension for Android target not found
Native extension for OSXStandalone target not found
Refreshing native plugins compatible for Editor in 0.44 ms, found 1 plugins.
Preloading 0 native plugins for Editor in 0.00 ms.
Mono: successfully reloaded assembly
- Completed reload, in  0.775 seconds
Domain Reload Profiling:
	ReloadAssembly (776ms)
		BeginReloadAssembly (117ms)
			ExecutionOrderSort (0ms)
			DisableScriptedObjects (8ms)
			BackupInstance (0ms)
			ReleaseScriptingObjects (0ms)
			CreateAndSetChildDomain (25ms)
		EndReloadAssembly (556ms)
			LoadAssemblies (63ms)
			RebuildTransferFunctionScriptingTraits (0ms)
			SetupTypeCache (151ms)
			ReleaseScriptCaches (1ms)
			RebuildScriptCaches (50ms)
			SetupLoadedEditorAssemblies (239ms)
				LogAssemblyErrors (0ms)
				InitializePlatformSupportModulesInManaged (20ms)
				SetLoadedEditorAssemblies (1ms)
				RefreshPlugins (0ms)
				BeforeProcessingInitializeOnLoad (46ms)
				ProcessInitializeOnLoadAttributes (142ms)
				ProcessInitializeOnLoadMethodAttributes (28ms)
				AfterProcessingInitializeOnLoad (2ms)
				EditorAssembliesLoaded (0ms)
			ExecutionOrderSort2 (0ms)
			AwakeInstancesAfterBackupRestoration (4ms)
Platform modules already initialized, skipping
Refreshing native plugins compatible for Editor in 0.37 ms, found 1 plugins.
Preloading 0 native plugins for Editor in 0.00 ms.
Unloading 1246 Unused Serialized files (Serialized files now loaded: 0)
Unloading 3 unused Assets / (45.0 KB). Loaded Objects now: 1809.
Memory consumption went from 229.4 MB to 229.4 MB.
Total: 2.580339 ms (FindLiveObjects: 0.116826 ms CreateObjectMapping: 0.044499 ms MarkObjects: 2.348346 ms  DeleteObjects: 0.069881 ms)

AssetImportParameters requested are different than current active one (requested -> active):
  custom:video-decoder-ogg-theora: a1e56fd34408186e4bbccfd4996cb3dc -> 
  custom:container-muxer-webm: aa71ff27fc2769a1b78a27578f13a17b -> 
  custom:container-demuxer-webm: 4f35f7cbe854078d1ac9338744f61a02 -> 
  custom:video-encoder-webm-vp8: eb34c28f22e8b96e1ab97ce403110664 -> 
  custom:framework-osx-AVFoundation: e770b220cccbd017edd2c1fefb359320 -> 
  custom:audio-encoder-webm-vorbis: bf7c407c2cedff20999df2af8eb42d56 -> 
  custom:container-demuxer-ogg: 62fdf1f143b41e24485cea50d1cbac27 -> 
  custom:video-decoder-webm-vp8: 9c59270c3fd7afecdb556c50c9e8de78 -> 
  custom:audio-decoder-ogg-vorbis: bf7c407c2cedff20999df2af8eb42d56 -> 
========================================================================
Received Prepare
Registering precompiled user dll's ...
Registered in 0.000291 seconds.
Begin MonoManager ReloadAssembly
Native extension for Android target not found
Native extension for OSXStandalone target not found
Refreshing native plugins compatible for Editor in 0.31 ms, found 1 plugins.
Preloading 0 native plugins for Editor in 0.00 ms.
Mono: successfully reloaded assembly
- Completed reload, in  0.853 seconds
Domain Reload Profiling:
	ReloadAssembly (853ms)
		BeginReloadAssembly (122ms)
			ExecutionOrderSort (0ms)
			DisableScriptedObjects (9ms)
			BackupInstance (0ms)
			ReleaseScriptingObjects (0ms)
			CreateAndSetChildDomain (25ms)
		EndReloadAssembly (608ms)
			LoadAssemblies (69ms)
			RebuildTransferFunctionScriptingTraits (0ms)
			SetupTypeCache (170ms)
			ReleaseScriptCaches (1ms)
			RebuildScriptCaches (53ms)
			SetupLoadedEditorAssemblies (260ms)
				LogAssemblyErrors (0ms)
				InitializePlatformSupportModulesInManaged (20ms)
				SetLoadedEditorAssemblies (1ms)
				RefreshPlugins (0ms)
				BeforeProcessingInitializeOnLoad (48ms)
				ProcessInitializeOnLoadAttributes (156ms)
				ProcessInitializeOnLoadMethodAttributes (33ms)
				AfterProcessingInitializeOnLoad (2ms)
				EditorAssembliesLoaded (0ms)
			ExecutionOrderSort2 (0ms)
			AwakeInstancesAfterBackupRestoration (4ms)
Platform modules already initialized, skipping
Refreshing native plugins compatible for Editor in 0.46 ms, found 1 plugins.
Preloading 0 native plugins for Editor in 0.00 ms.
Unloading 1246 Unused Serialized files (Serialized files now loaded: 0)
Unloading 3 unused Assets / (44.9 KB). Loaded Objects now: 1812.
Memory consumption went from 230.6 MB to 230.6 MB.
Total: 3.054591 ms (FindLiveObjects: 0.122743 ms CreateObjectMapping: 0.045330 ms MarkObjects: 2.814855 ms  DeleteObjects: 0.070804 ms)

AssetImportParameters requested are different than current active one (requested -> active):
  custom:video-decoder-ogg-theora: a1e56fd34408186e4bbccfd4996cb3dc -> 
  custom:container-muxer-webm: aa71ff27fc2769a1b78a27578f13a17b -> 
  custom:container-demuxer-webm: 4f35f7cbe854078d1ac9338744f61a02 -> 
  custom:video-encoder-webm-vp8: eb34c28f22e8b96e1ab97ce403110664 -> 
  custom:framework-osx-AVFoundation: e770b220cccbd017edd2c1fefb359320 -> 
  custom:audio-encoder-webm-vorbis: bf7c407c2cedff20999df2af8eb42d56 -> 
  custom:container-demuxer-ogg: 62fdf1f143b41e24485cea50d1cbac27 -> 
  custom:video-decoder-webm-vp8: 9c59270c3fd7afecdb556c50c9e8de78 -> 
  custom:audio-decoder-ogg-vorbis: bf7c407c2cedff20999df2af8eb42d56 -> 
========================================================================
Received Import Request.
  Time since last request: 987.957482 seconds.
  path: Assets/Resources/Hud/Hud.prefab
  artifactKey: Guid(f6395af14c6ae2d4ea00c7e97e633ad3) Importer(815301076,1909f56bfc062723c751e8b465ee728b)
Start importing Assets/Resources/Hud/Hud.prefab using Guid(f6395af14c6ae2d4ea00c7e97e633ad3) Importer(815301076,1909f56bfc062723c751e8b465ee728b)  -> (artifact id: 'c3ce343a52c5177d0e1ba67efebd5844') in 0.082559 seconds 
========================================================================
Received Import Request.
  Time since last request: 1.309992 seconds.
  path: Assets/Resources/Hud/Hud.prefab
  artifactKey: Guid(f6395af14c6ae2d4ea00c7e97e633ad3) Importer(815301076,1909f56bfc062723c751e8b465ee728b)
Start importing Assets/Resources/Hud/Hud.prefab using Guid(f6395af14c6ae2d4ea00c7e97e633ad3) Importer(815301076,1909f56bfc062723c751e8b465ee728b)  -> (artifact id: 'f8ef8e89885d1339a5d06ebf27b2e17e') in 0.021220 seconds 
========================================================================
Received Prepare
Registering precompiled user dll's ...
Registered in 0.000258 seconds.
Begin MonoManager ReloadAssembly
Native extension for Android target not found
Native extension for OSXStandalone target not found
Refreshing native plugins compatible for Editor in 0.31 ms, found 1 plugins.
Preloading 0 native plugins for Editor in 0.00 ms.
Mono: successfully reloaded assembly
- Completed reload, in  0.769 seconds
Domain Reload Profiling:
	ReloadAssembly (770ms)
		BeginReloadAssembly (114ms)
			ExecutionOrderSort (0ms)
			DisableScriptedObjects (7ms)
			BackupInstance (0ms)
			ReleaseScriptingObjects (0ms)
			CreateAndSetChildDomain (24ms)
		EndReloadAssembly (545ms)
			LoadAssemblies (63ms)
			RebuildTransferFunctionScriptingTraits (0ms)
			SetupTypeCache (162ms)
			ReleaseScriptCaches (1ms)
			RebuildScriptCaches (47ms)
			SetupLoadedEditorAssemblies (223ms)
				LogAssemblyErrors (0ms)
				InitializePlatformSupportModulesInManaged (20ms)
				SetLoadedEditorAssemblies (1ms)
				RefreshPlugins (0ms)
				BeforeProcessingInitializeOnLoad (42ms)
				ProcessInitializeOnLoadAttributes (132ms)
				ProcessInitializeOnLoadMethodAttributes (26ms)
				AfterProcessingInitializeOnLoad (2ms)
				EditorAssembliesLoaded (0ms)
			ExecutionOrderSort2 (0ms)
			AwakeInstancesAfterBackupRestoration (4ms)
Platform modules already initialized, skipping
Refreshing native plugins compatible for Editor in 0.38 ms, found 1 plugins.
Preloading 0 native plugins for Editor in 0.00 ms.
Unloading 1246 Unused Serialized files (Serialized files now loaded: 0)
Unloading 3 unused Assets / (45.1 KB). Loaded Objects now: 1815.
Memory consumption went from 232.1 MB to 232.0 MB.
Total: 2.799022 ms (FindLiveObjects: 0.141258 ms CreateObjectMapping: 0.049025 ms MarkObjects: 2.543375 ms  DeleteObjects: 0.064659 ms)

AssetImportParameters requested are different than current active one (requested -> active):
  custom:video-decoder-ogg-theora: a1e56fd34408186e4bbccfd4996cb3dc -> 
  custom:container-muxer-webm: aa71ff27fc2769a1b78a27578f13a17b -> 
  custom:container-demuxer-webm: 4f35f7cbe854078d1ac9338744f61a02 -> 
  custom:video-encoder-webm-vp8: eb34c28f22e8b96e1ab97ce403110664 -> 
  custom:framework-osx-AVFoundation: e770b220cccbd017edd2c1fefb359320 -> 
  custom:audio-encoder-webm-vorbis: bf7c407c2cedff20999df2af8eb42d56 -> 
  custom:container-demuxer-ogg: 62fdf1f143b41e24485cea50d1cbac27 -> 
  custom:video-decoder-webm-vp8: 9c59270c3fd7afecdb556c50c9e8de78 -> 
  custom:audio-decoder-ogg-vorbis: bf7c407c2cedff20999df2af8eb42d56 -> 
